Started GET "/" for ::1 at 2021-11-02 09:06:47 -0300
  [1m[35m (4.0ms)[0m  [1m[34mSELECT sqlite_version(*)[0m
Processing by PagesController#index as HTML
  Rendering layout layouts/application.html.erb
  Rendering pages/index.html.erb within layouts/application
  Rendered pages/index.html.erb within layouts/application (Duration: 3.6ms | Allocations: 465)
[Webpacker] Compiling...
Started GET "/" for ::1 at 2021-11-02 09:06:51 -0300
[Webpacker] Compiled all packs in /Users/jseike/Desktop/Study/Ruby on Rails/buscador/public/packs
[Webpacker] Hash: e2a8a876c5815bee1e21
Version: webpack 4.46.0
Time: 5003ms
Built at: 11/02/2021 9:06:59 AM
                                     Asset       Size       Chunks                         Chunk Names
    js/application-e421b4aa3f716bebdab1.js    125 KiB  application  [emitted] [immutable]  application
js/application-e421b4aa3f716bebdab1.js.map    139 KiB  application  [emitted] [dev]        application
                             manifest.json  364 bytes               [emitted]              
Entrypoint application = js/application-e421b4aa3f716bebdab1.js js/application-e421b4aa3f716bebdab1.js.map
[./app/javascript/channels sync recursive _channel\.js$] ./app/javascript/channels sync _channel\.js$ 160 bytes {application} [built]
[./app/javascript/channels/index.js] 211 bytes {application} [built]
[./app/javascript/packs/application.js] 492 bytes {application} [built]
[./node_modules/webpack/buildin/module.js] (webpack)/buildin/module.js 552 bytes {application} [built]
    + 3 hidden modules

  Rendered layout layouts/application.html.erb (Duration: 11105.9ms | Allocations: 19872)
Completed 200 OK in 11158ms (Views: 11124.7ms | ActiveRecord: 0.0ms | Allocations: 24455)


Started GET "/" for ::1 at 2021-11-02 09:06:59 -0300
Processing by PagesController#index as HTML
  Rendering layout layouts/application.html.erb
  Rendering pages/index.html.erb within layouts/application
  Rendered pages/index.html.erb within layouts/application (Duration: 0.1ms | Allocations: 58)
Processing by PagesController#index as HTML
  Rendering layout layouts/application.html.erb
  Rendering pages/index.html.erb within layouts/application
  Rendered pages/index.html.erb within layouts/application (Duration: 0.1ms | Allocations: 39)
[Webpacker] Everything's up-to-date. Nothing to do
[Webpacker] Everything's up-to-date. Nothing to do
  Rendered layout layouts/application.html.erb (Duration: 15.3ms | Allocations: 7266)
  Rendered layout layouts/application.html.erb (Duration: 18.5ms | Allocations: 8573)
Completed 200 OK in 17ms (Views: 16.8ms | Allocations: 7918)


Completed 200 OK in 21ms (Views: 20.2ms | Allocations: 9364)


Started GET "/" for ::1 at 2021-11-02 09:10:59 -0300
Processing by PagesController#index as HTML
  Rendering layout layouts/application.html.erb
  Rendering pages/index.html.erb within layouts/application
  Rendered pages/index.html.erb within layouts/application (Duration: 0.6ms | Allocations: 190)
[Webpacker] Everything's up-to-date. Nothing to do
  Rendered layout layouts/application.html.erb (Duration: 15.1ms | Allocations: 4331)
Completed 200 OK in 20ms (Views: 18.2ms | Allocations: 5782)


Started GET "/" for ::1 at 2021-11-02 09:11:26 -0300
Processing by PagesController#index as HTML
  Rendering layout layouts/application.html.erb
  Rendering pages/index.html.erb within layouts/application
  Rendered pages/index.html.erb within layouts/application (Duration: 0.5ms | Allocations: 190)
[Webpacker] Everything's up-to-date. Nothing to do
  Rendered layout layouts/application.html.erb (Duration: 10.2ms | Allocations: 4336)
Completed 200 OK in 15ms (Views: 13.1ms | Allocations: 5708)


Started GET "/" for ::1 at 2021-11-02 09:11:36 -0300
Processing by PagesController#index as HTML
  Rendering layout layouts/application.html.erb
  Rendering pages/index.html.erb within layouts/application
  Rendered pages/index.html.erb within layouts/application (Duration: 0.1ms | Allocations: 40)
[Webpacker] Everything's up-to-date. Nothing to do
  Rendered layout layouts/application.html.erb (Duration: 9.3ms | Allocations: 3776)
Completed 200 OK in 18ms (Views: 10.4ms | Allocations: 4265)


Started GET "/" for ::1 at 2021-11-02 09:12:23 -0300
Processing by PagesController#index as HTML
  Rendering layout layouts/application.html.erb
  Rendering pages/index.html.erb within layouts/application
  Rendered pages/index.html.erb within layouts/application (Duration: 0.7ms | Allocations: 192)
[Webpacker] Everything's up-to-date. Nothing to do
  Rendered layout layouts/application.html.erb (Duration: 10.2ms | Allocations: 4338)
Completed 200 OK in 15ms (Views: 13.1ms | Allocations: 5659)


Started GET "/" for ::1 at 2021-11-02 09:12:42 -0300
Processing by PagesController#index as HTML
  Rendering layout layouts/application.html.erb
  Rendering pages/index.html.erb within layouts/application
  Rendered pages/index.html.erb within layouts/application (Duration: 0.6ms | Allocations: 188)
[Webpacker] Everything's up-to-date. Nothing to do
  Rendered layout layouts/application.html.erb (Duration: 12.0ms | Allocations: 4330)
Completed 200 OK in 17ms (Views: 15.3ms | Allocations: 5702)


Started GET "/" for ::1 at 2021-11-02 09:15:42 -0300
Processing by PagesController#index as HTML
  Rendering layout layouts/application.html.erb
  Rendering pages/index.html.erb within layouts/application
  Rendered pages/index.html.erb within layouts/application (Duration: 0.6ms | Allocations: 254)
[Webpacker] Everything's up-to-date. Nothing to do
  Rendered layout layouts/application.html.erb (Duration: 11.3ms | Allocations: 4400)
Completed 200 OK in 17ms (Views: 15.0ms | Allocations: 5769)


Started GET "/" for ::1 at 2021-11-02 09:16:00 -0300
Processing by PagesController#index as HTML
  Rendering layout layouts/application.html.erb
  Rendering pages/index.html.erb within layouts/application
  Rendered pages/index.html.erb within layouts/application (Duration: 0.6ms | Allocations: 257)
[Webpacker] Everything's up-to-date. Nothing to do
  Rendered layout layouts/application.html.erb (Duration: 11.2ms | Allocations: 4403)
Completed 200 OK in 16ms (Views: 14.6ms | Allocations: 5772)


Started GET "/" for ::1 at 2021-11-02 09:16:02 -0300
Processing by PagesController#index as HTML
  Rendering layout layouts/application.html.erb
  Rendering pages/index.html.erb within layouts/application
  Rendered pages/index.html.erb within layouts/application (Duration: 0.1ms | Allocations: 39)
[Webpacker] Everything's up-to-date. Nothing to do
  Rendered layout layouts/application.html.erb (Duration: 8.6ms | Allocations: 3775)
Completed 200 OK in 10ms (Views: 9.5ms | Allocations: 4263)


Started GET "/" for ::1 at 2021-11-02 09:19:33 -0300
Processing by PagesController#index as HTML
  Rendering layout layouts/application.html.erb
  Rendering pages/index.html.erb within layouts/application
  Rendered pages/index.html.erb within layouts/application (Duration: 0.1ms | Allocations: 39)
[Webpacker] Everything's up-to-date. Nothing to do
  Rendered layout layouts/application.html.erb (Duration: 9.9ms | Allocations: 3770)
Completed 200 OK in 11ms (Views: 10.4ms | Allocations: 4210)


Started GET "/" for ::1 at 2021-11-02 09:19:57 -0300
Processing by PagesController#index as HTML
  Rendering layout layouts/application.html.erb
  Rendering pages/index.html.erb within layouts/application
  Rendered pages/index.html.erb within layouts/application (Duration: 0.1ms | Allocations: 39)
[Webpacker] Everything's up-to-date. Nothing to do
  Rendered layout layouts/application.html.erb (Duration: 9.2ms | Allocations: 3771)
Completed 200 OK in 10ms (Views: 9.8ms | Allocations: 4212)


Started GET "/" for ::1 at 2021-11-02 09:21:57 -0300
Processing by PagesController#index as HTML
  Rendering layout layouts/application.html.erb
  Rendering pages/index.html.erb within layouts/application
  Rendered pages/index.html.erb within layouts/application (Duration: 0.7ms | Allocations: 391)
[Webpacker] Everything's up-to-date. Nothing to do
  Rendered layout layouts/application.html.erb (Duration: 14.6ms | Allocations: 4537)
Completed 200 OK in 21ms (Views: 19.6ms | Allocations: 5859)


Started GET "/" for ::1 at 2021-11-02 09:21:59 -0300
Processing by PagesController#index as HTML
  Rendering layout layouts/application.html.erb
  Rendering pages/index.html.erb within layouts/application
  Rendered pages/index.html.erb within layouts/application (Duration: 0.1ms | Allocations: 39)
[Webpacker] Everything's up-to-date. Nothing to do
  Rendered layout layouts/application.html.erb (Duration: 9.1ms | Allocations: 3770)
Completed 200 OK in 10ms (Views: 9.8ms | Allocations: 4259)


Started GET "/" for ::1 at 2021-11-02 09:22:55 -0300
Processing by PagesController#index as HTML
  Rendering layout layouts/application.html.erb
  Rendering pages/index.html.erb within layouts/application
  Rendered pages/index.html.erb within layouts/application (Duration: 1.3ms | Allocations: 397)
[Webpacker] Everything's up-to-date. Nothing to do
  Rendered layout layouts/application.html.erb (Duration: 11.9ms | Allocations: 4538)
Completed 200 OK in 17ms (Views: 15.1ms | Allocations: 5859)


Started GET "/" for ::1 at 2021-11-02 09:36:36 -0300
Processing by PagesController#index as HTML
  Rendering layout layouts/application.html.erb
  Rendering pages/index.html.erb within layouts/application
  Rendered pages/index.html.erb within layouts/application (Duration: 0.8ms | Allocations: 487)
[Webpacker] Everything's up-to-date. Nothing to do
  Rendered layout layouts/application.html.erb (Duration: 10.1ms | Allocations: 4629)
Completed 200 OK in 13ms (Views: 12.1ms | Allocations: 5992)


Started GET "/" for ::1 at 2021-11-02 09:39:13 -0300
Processing by PagesController#index as HTML
  Rendering layout layouts/application.html.erb
  Rendering pages/index.html.erb within layouts/application
  Rendered pages/index.html.erb within layouts/application (Duration: 0.8ms | Allocations: 497)
[Webpacker] Everything's up-to-date. Nothing to do
  Rendered layout layouts/application.html.erb (Duration: 11.4ms | Allocations: 4647)
Completed 200 OK in 17ms (Views: 15.2ms | Allocations: 6016)


Started GET "/" for ::1 at 2021-11-02 09:42:38 -0300
Processing by PagesController#index as HTML
  Rendering layout layouts/application.html.erb
  Rendering pages/index.html.erb within layouts/application
  Rendered pages/index.html.erb within layouts/application (Duration: 1.1ms | Allocations: 496)
[Webpacker] Everything's up-to-date. Nothing to do
  Rendered layout layouts/application.html.erb (Duration: 11.2ms | Allocations: 4642)
Completed 200 OK in 16ms (Views: 14.1ms | Allocations: 6006)


Started GET "/" for ::1 at 2021-11-02 09:43:32 -0300
Processing by PagesController#index as HTML
  Rendering layout layouts/application.html.erb
  Rendering pages/index.html.erb within layouts/application
  Rendered pages/index.html.erb within layouts/application (Duration: 0.8ms | Allocations: 498)
[Webpacker] Everything's up-to-date. Nothing to do
  Rendered layout layouts/application.html.erb (Duration: 11.9ms | Allocations: 4640)
Completed 200 OK in 17ms (Views: 15.4ms | Allocations: 6017)


Started GET "/" for ::1 at 2021-11-02 09:43:34 -0300
Processing by PagesController#index as HTML
  Rendering layout layouts/application.html.erb
  Rendering pages/index.html.erb within layouts/application
  Rendered pages/index.html.erb within layouts/application (Duration: 0.1ms | Allocations: 39)
[Webpacker] Everything's up-to-date. Nothing to do
  Rendered layout layouts/application.html.erb (Duration: 9.0ms | Allocations: 3773)
Completed 200 OK in 10ms (Views: 9.7ms | Allocations: 4262)


Started GET "/" for ::1 at 2021-11-02 09:43:35 -0300
Processing by PagesController#index as HTML
  Rendering layout layouts/application.html.erb
  Rendering pages/index.html.erb within layouts/application
  Rendered pages/index.html.erb within layouts/application (Duration: 0.1ms | Allocations: 39)
[Webpacker] Everything's up-to-date. Nothing to do
  Rendered layout layouts/application.html.erb (Duration: 9.1ms | Allocations: 3775)
Completed 200 OK in 10ms (Views: 9.7ms | Allocations: 4217)


Started GET "/" for ::1 at 2021-11-02 09:43:35 -0300
Processing by PagesController#index as HTML
  Rendering layout layouts/application.html.erb
  Rendering pages/index.html.erb within layouts/application
  Rendered pages/index.html.erb within layouts/application (Duration: 0.1ms | Allocations: 39)
[Webpacker] Everything's up-to-date. Nothing to do
  Rendered layout layouts/application.html.erb (Duration: 9.4ms | Allocations: 3775)
Completed 200 OK in 11ms (Views: 10.0ms | Allocations: 4216)


Started GET "/" for ::1 at 2021-11-02 09:43:36 -0300
Processing by PagesController#index as HTML
  Rendering layout layouts/application.html.erb
  Rendering pages/index.html.erb within layouts/application
  Rendered pages/index.html.erb within layouts/application (Duration: 0.1ms | Allocations: 39)
[Webpacker] Everything's up-to-date. Nothing to do
  Rendered layout layouts/application.html.erb (Duration: 9.6ms | Allocations: 3770)
Completed 200 OK in 11ms (Views: 10.2ms | Allocations: 4211)


Started GET "/" for ::1 at 2021-11-02 09:43:36 -0300
Processing by PagesController#index as HTML
  Rendering layout layouts/application.html.erb
  Rendering pages/index.html.erb within layouts/application
  Rendered pages/index.html.erb within layouts/application (Duration: 0.1ms | Allocations: 39)
[Webpacker] Everything's up-to-date. Nothing to do
  Rendered layout layouts/application.html.erb (Duration: 9.4ms | Allocations: 3771)
Completed 200 OK in 11ms (Views: 9.9ms | Allocations: 4212)


Started GET "/" for ::1 at 2021-11-02 09:43:44 -0300
Processing by PagesController#index as HTML
  Rendering layout layouts/application.html.erb
  Rendering pages/index.html.erb within layouts/application
  Rendered pages/index.html.erb within layouts/application (Duration: 0.1ms | Allocations: 39)
[Webpacker] Everything's up-to-date. Nothing to do
  Rendered layout layouts/application.html.erb (Duration: 11.0ms | Allocations: 3775)
Completed 200 OK in 13ms (Views: 12.3ms | Allocations: 4217)


Started GET "/" for ::1 at 2021-11-02 09:43:45 -0300
Processing by PagesController#index as HTML
  Rendering layout layouts/application.html.erb
  Rendering pages/index.html.erb within layouts/application
  Rendered pages/index.html.erb within layouts/application (Duration: 0.1ms | Allocations: 39)
[Webpacker] Everything's up-to-date. Nothing to do
  Rendered layout layouts/application.html.erb (Duration: 8.9ms | Allocations: 3770)
Completed 200 OK in 10ms (Views: 9.5ms | Allocations: 4212)


Started GET "/" for ::1 at 2021-11-02 09:44:21 -0300
Processing by PagesController#index as HTML
  Rendering layout layouts/application.html.erb
  Rendering pages/index.html.erb within layouts/application
  Rendered pages/index.html.erb within layouts/application (Duration: 1.0ms | Allocations: 500)
[Webpacker] Everything's up-to-date. Nothing to do
  Rendered layout layouts/application.html.erb (Duration: 11.6ms | Allocations: 4641)
Completed 200 OK in 17ms (Views: 15.4ms | Allocations: 5963)


Started GET "/" for ::1 at 2021-11-02 09:49:07 -0300
Processing by PagesController#index as HTML
  Rendering layout layouts/application.html.erb
  Rendering pages/index.html.erb within layouts/application
  Rendered pages/index.html.erb within layouts/application (Duration: 0.5ms | Allocations: 168)
[Webpacker] Everything's up-to-date. Nothing to do
  Rendered layout layouts/application.html.erb (Duration: 11.2ms | Allocations: 4314)
Completed 200 OK in 17ms (Views: 14.9ms | Allocations: 5683)


Started GET "/s3_photoExample.js" for ::1 at 2021-11-02 09:49:07 -0300
  
ActionController::RoutingError (No route matches [GET] "/s3_photoExample.js"):
  
Started GET "/s3_photoExample.js" for ::1 at 2021-11-02 09:49:08 -0300
  
ActionController::RoutingError (No route matches [GET] "/s3_photoExample.js"):
  
Started GET "/" for ::1 at 2021-11-02 09:49:10 -0300
Processing by PagesController#index as HTML
  Rendering layout layouts/application.html.erb
  Rendering pages/index.html.erb within layouts/application
  Rendered pages/index.html.erb within layouts/application (Duration: 0.4ms | Allocations: 39)
[Webpacker] Everything's up-to-date. Nothing to do
  Rendered layout layouts/application.html.erb (Duration: 9.7ms | Allocations: 3900)
Completed 200 OK in 12ms (Views: 11.1ms | Allocations: 4381)


Started GET "/s3_photoExample.js" for ::1 at 2021-11-02 09:49:10 -0300
  
ActionController::RoutingError (No route matches [GET] "/s3_photoExample.js"):
  
Started GET "/s3_photoExample.js" for ::1 at 2021-11-02 09:49:11 -0300
  
ActionController::RoutingError (No route matches [GET] "/s3_photoExample.js"):
  
Started GET "/" for ::1 at 2021-11-02 09:49:21 -0300
Processing by PagesController#index as HTML
  Rendering layout layouts/application.html.erb
  Rendering pages/index.html.erb within layouts/application
  Rendered pages/index.html.erb within layouts/application (Duration: 0.1ms | Allocations: 39)
[Webpacker] Everything's up-to-date. Nothing to do
  Rendered layout layouts/application.html.erb (Duration: 9.2ms | Allocations: 3775)
Completed 200 OK in 11ms (Views: 10.0ms | Allocations: 4217)


Started GET "/s3_photoExample.js" for ::1 at 2021-11-02 09:49:21 -0300
  
ActionController::RoutingError (No route matches [GET] "/s3_photoExample.js"):
  
Started GET "/s3_photoExample.js" for ::1 at 2021-11-02 09:49:21 -0300
  
ActionController::RoutingError (No route matches [GET] "/s3_photoExample.js"):
  
Started GET "/" for ::1 at 2021-11-02 09:49:42 -0300
Processing by PagesController#index as HTML
  Rendering layout layouts/application.html.erb
  Rendering pages/index.html.erb within layouts/application
  Rendered pages/index.html.erb within layouts/application (Duration: 0.5ms | Allocations: 165)
[Webpacker] Everything's up-to-date. Nothing to do
  Rendered layout layouts/application.html.erb (Duration: 10.4ms | Allocations: 4311)
Completed 200 OK in 16ms (Views: 14.2ms | Allocations: 5626)


Started GET "/s3_photoExample.js" for ::1 at 2021-11-02 09:49:42 -0300
  
ActionController::RoutingError (No route matches [GET] "/s3_photoExample.js"):
  
Started GET "/s3_photoExample.js" for ::1 at 2021-11-02 09:49:43 -0300
  
ActionController::RoutingError (No route matches [GET] "/s3_photoExample.js"):
  
Started GET "/" for ::1 at 2021-11-02 09:49:45 -0300
Processing by PagesController#index as HTML
  Rendering layout layouts/application.html.erb
  Rendering pages/index.html.erb within layouts/application
  Rendered pages/index.html.erb within layouts/application (Duration: 0.1ms | Allocations: 39)
[Webpacker] Everything's up-to-date. Nothing to do
  Rendered layout layouts/application.html.erb (Duration: 8.9ms | Allocations: 3775)
Completed 200 OK in 10ms (Views: 9.6ms | Allocations: 4232)


Started GET "/s3_photoExample.js" for ::1 at 2021-11-02 09:49:45 -0300
  
ActionController::RoutingError (No route matches [GET] "/s3_photoExample.js"):
  
Started GET "/s3_photoExample.js" for ::1 at 2021-11-02 09:49:46 -0300
  
ActionController::RoutingError (No route matches [GET] "/s3_photoExample.js"):
  
Started GET "/" for ::1 at 2021-11-02 09:49:57 -0300
Processing by PagesController#index as HTML
  Rendering layout layouts/application.html.erb
  Rendering pages/index.html.erb within layouts/application
  Rendered pages/index.html.erb within layouts/application (Duration: 0.5ms | Allocations: 166)
[Webpacker] Everything's up-to-date. Nothing to do
  Rendered layout layouts/application.html.erb (Duration: 10.9ms | Allocations: 4312)
Completed 200 OK in 16ms (Views: 14.2ms | Allocations: 5628)


Started GET "/s3_photoExample.js" for ::1 at 2021-11-02 09:49:57 -0300
  
ActionController::RoutingError (No route matches [GET] "/s3_photoExample.js"):
  
Started GET "/s3_photoExample.js" for ::1 at 2021-11-02 09:49:58 -0300
  
ActionController::RoutingError (No route matches [GET] "/s3_photoExample.js"):
  
Started GET "/" for ::1 at 2021-11-02 09:51:14 -0300
Processing by PagesController#index as HTML
  Rendering layout layouts/application.html.erb
  Rendering pages/index.html.erb within layouts/application
  Rendered pages/index.html.erb within layouts/application (Duration: 0.5ms | Allocations: 165)
[Webpacker] Everything's up-to-date. Nothing to do
  Rendered layout layouts/application.html.erb (Duration: 12.0ms | Allocations: 4311)
Completed 200 OK in 17ms (Views: 14.5ms | Allocations: 5642)


Started GET "/s3_photoExample.js" for ::1 at 2021-11-02 09:51:14 -0300
  
ActionController::RoutingError (No route matches [GET] "/s3_photoExample.js"):
  
Started GET "/s3_photoExample.js" for ::1 at 2021-11-02 09:51:16 -0300
  
ActionController::RoutingError (No route matches [GET] "/s3_photoExample.js"):
  
Started GET "/" for ::1 at 2021-11-02 09:52:09 -0300
Processing by PagesController#index as HTML
  Rendering layout layouts/application.html.erb
  Rendering pages/index.html.erb within layouts/application
  Rendered pages/index.html.erb within layouts/application (Duration: 1.3ms | Allocations: 415)
[Webpacker] Everything's up-to-date. Nothing to do
  Rendered layout layouts/application.html.erb (Duration: 12.1ms | Allocations: 4561)
Completed 200 OK in 17ms (Views: 15.3ms | Allocations: 5893)


Started GET "/" for ::1 at 2021-11-02 09:57:34 -0300
Processing by PagesController#index as HTML
  Rendering layout layouts/application.html.erb
  Rendering pages/index.html.erb within layouts/application
  Rendered pages/index.html.erb within layouts/application (Duration: 0.1ms | Allocations: 39)
[Webpacker] Everything's up-to-date. Nothing to do
  Rendered layout layouts/application.html.erb (Duration: 8.9ms | Allocations: 3770)
Completed 200 OK in 11ms (Views: 9.7ms | Allocations: 4258)


Started GET "/" for ::1 at 2021-11-02 09:58:36 -0300
Processing by PagesController#index as HTML
  Rendering layout layouts/application.html.erb
  Rendering pages/index.html.erb within layouts/application
  Rendered pages/index.html.erb within layouts/application (Duration: 0.9ms | Allocations: 414)
[Webpacker] Everything's up-to-date. Nothing to do
  Rendered layout layouts/application.html.erb (Duration: 14.3ms | Allocations: 4558)
Completed 200 OK in 18ms (Views: 16.7ms | Allocations: 5874)


Started GET "/" for ::1 at 2021-11-02 09:59:20 -0300
Processing by PagesController#index as HTML
  Rendering layout layouts/application.html.erb
  Rendering pages/index.html.erb within layouts/application
  Rendered pages/index.html.erb within layouts/application (Duration: 1.1ms | Allocations: 419)
[Webpacker] Everything's up-to-date. Nothing to do
  Rendered layout layouts/application.html.erb (Duration: 10.9ms | Allocations: 4560)
Completed 200 OK in 16ms (Views: 14.2ms | Allocations: 5928)


Started GET "/" for ::1 at 2021-11-02 09:59:22 -0300
Processing by PagesController#index as HTML
  Rendering layout layouts/application.html.erb
  Rendering pages/index.html.erb within layouts/application
  Rendered pages/index.html.erb within layouts/application (Duration: 0.1ms | Allocations: 39)
[Webpacker] Everything's up-to-date. Nothing to do
  Rendered layout layouts/application.html.erb (Duration: 9.7ms | Allocations: 3773)
Completed 200 OK in 11ms (Views: 10.4ms | Allocations: 4261)


Started GET "/" for ::1 at 2021-11-02 10:01:10 -0300
Processing by PagesController#index as HTML
  Rendering layout layouts/application.html.erb
  Rendering pages/index.html.erb within layouts/application
  Rendered pages/index.html.erb within layouts/application (Duration: 0.8ms | Allocations: 419)
[Webpacker] Everything's up-to-date. Nothing to do
  Rendered layout layouts/application.html.erb (Duration: 10.9ms | Allocations: 4560)
Completed 200 OK in 15ms (Views: 14.1ms | Allocations: 5881)


Started GET "/" for ::1 at 2021-11-02 10:03:18 -0300
Processing by PagesController#index as HTML
  Rendering layout layouts/application.html.erb
  Rendering pages/index.html.erb within layouts/application
  Rendered pages/index.html.erb within layouts/application (Duration: 0.1ms | Allocations: 39)
[Webpacker] Everything's up-to-date. Nothing to do
  Rendered layout layouts/application.html.erb (Duration: 10.2ms | Allocations: 3775)
Completed 200 OK in 12ms (Views: 10.9ms | Allocations: 4264)


Started GET "/" for ::1 at 2021-11-02 10:10:29 -0300
Processing by PagesController#index as HTML
  Rendering layout layouts/application.html.erb
  Rendering pages/index.html.erb within layouts/application
  Rendered pages/index.html.erb within layouts/application (Duration: 0.7ms | Allocations: 420)
[Webpacker] Everything's up-to-date. Nothing to do
  Rendered layout layouts/application.html.erb (Duration: 14.5ms | Allocations: 4561)
Completed 200 OK in 20ms (Views: 18.4ms | Allocations: 5882)


Started GET "/" for ::1 at 2021-11-02 10:12:37 -0300
Processing by PagesController#index as HTML
  Rendering layout layouts/application.html.erb
  Rendering pages/index.html.erb within layouts/application
  Rendered pages/index.html.erb within layouts/application (Duration: 0.7ms | Allocations: 415)
[Webpacker] Everything's up-to-date. Nothing to do
  Rendered layout layouts/application.html.erb (Duration: 10.4ms | Allocations: 4556)
Completed 200 OK in 15ms (Views: 13.6ms | Allocations: 5920)


Started GET "/" for ::1 at 2021-11-02 10:13:18 -0300
Processing by PagesController#index as HTML
  Rendering layout layouts/application.html.erb
  Rendering pages/index.html.erb within layouts/application
  Rendered pages/index.html.erb within layouts/application (Duration: 0.9ms | Allocations: 416)
[Webpacker] Everything's up-to-date. Nothing to do
  Rendered layout layouts/application.html.erb (Duration: 16.3ms | Allocations: 4558)
Completed 200 OK in 22ms (Views: 19.6ms | Allocations: 5926)


Started GET "/" for ::1 at 2021-11-02 10:13:29 -0300
Processing by PagesController#index as HTML
  Rendering layout layouts/application.html.erb
  Rendering pages/index.html.erb within layouts/application
  Rendered pages/index.html.erb within layouts/application (Duration: 0.8ms | Allocations: 418)
[Webpacker] Everything's up-to-date. Nothing to do
  Rendered layout layouts/application.html.erb (Duration: 11.2ms | Allocations: 4559)
Completed 200 OK in 16ms (Views: 14.2ms | Allocations: 5928)


Started GET "/" for ::1 at 2021-11-02 10:13:58 -0300
Processing by PagesController#index as HTML
  Rendering layout layouts/application.html.erb
  Rendering pages/index.html.erb within layouts/application
  Rendered pages/index.html.erb within layouts/application (Duration: 0.1ms | Allocations: 39)
[Webpacker] Everything's up-to-date. Nothing to do
  Rendered layout layouts/application.html.erb (Duration: 9.9ms | Allocations: 3772)
Completed 200 OK in 11ms (Views: 10.6ms | Allocations: 4260)


Started GET "/" for ::1 at 2021-11-02 10:26:34 -0300
Processing by PagesController#index as HTML
  Rendering layout layouts/application.html.erb
  Rendering pages/index.html.erb within layouts/application
  Rendered pages/index.html.erb within layouts/application (Duration: 0.8ms | Allocations: 416)
[Webpacker] Everything's up-to-date. Nothing to do
  Rendered layout layouts/application.html.erb (Duration: 11.4ms | Allocations: 4557)
Completed 200 OK in 17ms (Views: 15.3ms | Allocations: 5878)


Started GET "/" for ::1 at 2021-11-02 10:32:55 -0300
Processing by PagesController#index as HTML
  Rendering layout layouts/application.html.erb
  Rendering pages/index.html.erb within layouts/application
  Rendered pages/index.html.erb within layouts/application (Duration: 0.8ms | Allocations: 423)
[Webpacker] Everything's up-to-date. Nothing to do
  Rendered layout layouts/application.html.erb (Duration: 15.6ms | Allocations: 4569)
Completed 200 OK in 20ms (Views: 18.6ms | Allocations: 5938)


Started GET "/" for ::1 at 2021-11-02 10:33:50 -0300
Processing by PagesController#index as HTML
  Rendering layout layouts/application.html.erb
  Rendering pages/index.html.erb within layouts/application
  Rendered pages/index.html.erb within layouts/application (Duration: 0.1ms | Allocations: 39)
[Webpacker] Everything's up-to-date. Nothing to do
  Rendered layout layouts/application.html.erb (Duration: 9.9ms | Allocations: 3775)
Completed 200 OK in 11ms (Views: 10.5ms | Allocations: 4263)


Started GET "/" for ::1 at 2021-11-02 10:34:34 -0300
Processing by PagesController#index as HTML
  Rendering layout layouts/application.html.erb
  Rendering pages/index.html.erb within layouts/application
  Rendered pages/index.html.erb within layouts/application (Duration: 0.1ms | Allocations: 39)
[Webpacker] Everything's up-to-date. Nothing to do
  Rendered layout layouts/application.html.erb (Duration: 10.0ms | Allocations: 3770)
Completed 200 OK in 17ms (Views: 16.2ms | Allocations: 4212)


